                                       Repair of Atrioventricular Septal (A-V Canal) Defects        13:50 Monday, April 27, 2026   1
                                                          Example Data Set
                                            Multivariable Analysis of Death After Repair

                          T H R E E   P H A S E   P A R A M E T R I C   H A Z A R D   P R O C E D U R E

    Initial Summary:
    ================

      There are   310 observations available for analysis with:
                             70 events
                            240 Right Censored Observations
                            310 Total Subjects

                                     Variable   Label                                          Min            Max
                -----------------------------------------------------------------------------------------------------
                Time:                INT_DEAD   Followup interval (months) after repair    0.001368954       170.5826
                Event:               DEAD       Death                                                0              1
                -----------------------------------------------------------------------------------------------------

   *------*
   | Note |
   *------*

      in  240 observation(s) RCENSOR has been changed from 0 to 1




    Concomitant Information:
    ========================


         Phase     Variable      Label                                          Mean           Min          Max
         -----------------------------------------------------------------------------------------------------------
         Early:    AGE           Age (months) at repair                        120.2347     0.9199368      790.9813
                   COM_IV        Interventricular communication               0.5032258             0             1
                   MAL           Important associated cardiac anomaly         0.2354839             0             1
                   OPMOS         Date of operation (months since 1/67)         116.7377      2.661246      179.9462
                   OP_AGE                                                      12632.69      64.68025      125813.4
                   STATUS        Clinical status (NYHA I-V)                    2.235484             1             4
                   -------------------------------------------------------------------------------------------------
         Constant: STATUS        Clinical status (NYHA I-V)                    2.235484             1             4
                   INC_SURG      Surgical grade of AV valve incompetence       2.393443             0             5
                   ORIFICE       Accessory left AV valve orifice             0.04516129             0             1
         -----------------------------------------------------------------------------------------------------------


    Model Specifications:
    =====================

                                       Initial Parameter Values
                                       ------------------------                                                    Starting
          Phase        Parameter       Specified        Used       |  Theta                          Estimated?    Value
          -------------------------------------------------------------------------------------------------------------------
          Early:       DELTA                    0             0    |  E1                             No
                       THALF            0.1905077     0.1905077    |  E2 = Ln(Thalf)                 Yes             -1.65806
                        (RHO                          0.1905077)   |
                       NU                1.437416      1.437416    |  E3 = Ln(|Nu|)                  Yes            0.3628471
                       M                        1             1    |  E4                             No
                       MUE              0.3504743     0.3504743 *  |  E0 = Ln(muE)                   Yes #           -1.04847
                       ------------------------------------------------------------------------------------------------------
          Constant:    MUC           4.391673E-07  4.391673E-07 *  |  C0 = Ln(muC)                   Yes             -14.6384
          -------------------------------------------------------------------------------------------------------------------
    # This MU parameter is estimated in closed form.
    * The value used is different from the value specified.

    Based on the values used, the following flags and equations have been set:
          *-------------------------------------------------*
          |  Early:                                         |
          |        Delta = 0                Yes             |
          |        M*Nu = |1|               No              |
          |        M>0, Nu>0, Generic equations 6 - 8       |
          |  Constant:                                      |
          |        Equations 24 - 25                        |
          *-------------------------------------------------*


    Computational Methods:
    ======================

      Optimization: Quasi-Newton method using numeric derivatives
                    initiated using an initial hessian matrix

      Conservation of events: Invoked at each iteration
      If only one scaling parameter, estimation is in closed form.


    Results:
    ========
                                       Repair of Atrioventricular Septal (A-V Canal) Defects        13:50 Monday, April 27, 2026   2
                                                          Example Data Set
                                            Multivariable Analysis of Death After Repair

    Iteration   Log Likelihood      E2            E3            E0            AGE           COM_IV        MAL           OPMOS
                                    OP_AGE        STATUS        C0            STATUS        INC_SURG      ORIFICE
    -----------------------------------------------------------------------------------------------------------------------------

        0           -160.408         -1.65806     0.3628471      -1.04847    -0.0320577      1.336675     0.6872028    -0.0196338
                                 0.0002086689     0.5169533      -14.6384      1.054988      1.375285       3.11765

        1           -160.408         -1.65806     0.3628492      -1.04859    -0.0320555      1.336566     0.6872365    -0.0196329
                                 0.0002086541     0.5169828      -14.6387      1.055056      1.375294       3.11782


        Optimization terminated after    1 iterations and   130 function evaluations
        Normal exit: Convergence attained
        Log base 10 of condition code =     11.12449
        Number of events conserved =           70

        Log likelihood =     -160.408



    Final Results:
    ==============


                                                  Parameter Estimate Summary

    Phase      Parameter   Label                                       Estimate       Std error             Z          Prob>|Z|
    --------------------------------------------------------------------------------------------------------------------------------
    Early:     E2                                                         -1.65806      0.3631369         -4.566          <.0001
               E3                                                        0.3628492      0.1231457          2.947          0.0032
               E0                                                         -1.04859      0.7550306         -1.389          0.1649
               AGE         Age (months) at repair                       -0.0320555    0.009379519         -3.418          0.0006
               COM_IV      Interventricular communication                 1.336566      0.4176758          3.200          0.0014
               MAL         Important associated cardiac anomaly          0.6872365      0.2672462          2.572          0.0101
               OPMOS       Date of operation (months since 1/67)        -0.0196329    0.004368555         -4.494          <.0001
               OP_AGE                                                 0.0002086541   5.902611E-05          3.535          0.0004
               STATUS      Clinical status (NYHA I-V)                    0.5169828      0.1574612          3.283          0.0010
               ---------------------------------------------------------------------------------------------------------------------
    Constant:  C0                                                         -14.6387       3.035505         -4.822          <.0001
               STATUS      Clinical status (NYHA I-V)                     1.055056      0.5034261          2.096          0.0361
               INC_SURG    Surgical grade of AV valve incompetence        1.375294       0.622278          2.210          0.0271
               ORIFICE     Accessory left AV valve orifice                 3.11782      0.9008246          3.461          0.0005
    --------------------------------------------------------------------------------------------------------------------------------


                                                  Estimates for Model Parameters

                                          Phase       Parameter     Fixed?     Estimate
                                          ------------------------------------------------
                                          Early:      DELTA         Yes                  0
                                                      THALF         No            0.190509
                                                       (RHO                       0.190509)
                                                      NU            No            1.437419
                                                      M             Yes                  1
                                                      MUE                        0.3504322
                                                      ------------------------------------
                                          Constant:   MUC                     4.390406E-07
                                          ------------------------------------------------


                                                Asymptotic Variance-Covariance Matrix

                       E2            E3            E0            AGE           COM_IV        MAL           OPMOS         OP_AGE
                       STATUS        C0            STATUS        INC_SURG      ORIFICE
    -----------------------------------------------------------------------------------------------------------------------------
    Early:

       E2              0.1318684    0.01570428   0.005290471  -8.03237E-05  -0.000250314   0.002727064   -2.4869E-05  5.403946E-07

                     0.004461193      -0.12036   -0.00235899    0.02835084    0.02262821

       E3             0.01570428    0.01516488  -4.14527E-06  1.407094E-05   -0.00160902  -0.000387649  3.199193E-05  -8.99696E-08

                     3.86677E-06    -0.0388014   0.000715796   0.008441965   0.007790852

       E0            0.005290471  -4.14527E-06     0.5700713   -0.00422729    -0.0930754    0.01273544   -0.00207247  2.557513E-05

                      -0.0688144     -0.175528    0.02154052    0.02937594    0.01418191

       AGE          -8.03237E-05  1.407094E-05   -0.00422729  8.797537E-05  0.0001873941  -0.000159877  2.115804E-05  -5.45904E-07

                      0.00031888  0.0008906205  -0.000138946  -0.000136722  -6.92222E-05

       COM_IV       -0.000250314   -0.00160902    -0.0930754  0.0001873941     0.1744531   -0.00862082   -0.00040003  5.206221E-07

                     -0.00625573    0.05006475   0.002010488    -0.0129512   0.009717459

       MAL           0.002727064  -0.000387649    0.01273544  -0.000159877   -0.00862082    0.07142053  -0.000164186  8.150068E-07

                     -0.00539753    -0.0305103   0.001223753    0.00710657   0.007142858

       OPMOS         -2.4869E-05  3.199193E-05   -0.00207247  2.115804E-05   -0.00040003  -0.000164186  1.908427E-05   -1.4515E-07

                     4.09689E-05  0.0005638287  -8.76453E-05  -8.53398E-05  -0.000173319
                                       Repair of Atrioventricular Septal (A-V Canal) Defects        13:50 Monday, April 27, 2026   3
                                                          Example Data Set
                                            Multivariable Analysis of Death After Repair

       OP_AGE       5.403946E-07  -8.99696E-08  2.557513E-05  -5.45904E-07  5.206221E-07  8.150068E-07   -1.4515E-07  3.484081E-09

                    -1.86153E-06  -4.96177E-06  8.441352E-07   6.78113E-07  7.726407E-07

       STATUS        0.004461193   3.86677E-06    -0.0688144    0.00031888   -0.00625573   -0.00539753   4.09689E-05  -1.86153E-06

                      0.02479404    0.01309922   -0.00476649   -0.00050965  -0.000491984

       --------------------------------------------------------------------------------------------------------------------------
    Constant:

       C0               -0.12036    -0.0388014     -0.175528  0.0008906205    0.05006475    -0.0305103  0.0005638287  -4.96177E-06

                      0.01309922      9.214293     -0.867979      -1.61962      -1.38926

       STATUS        -0.00235899   0.000715796    0.02154052  -0.000138946   0.002010488   0.001223753  -8.76453E-05  8.441352E-07

                     -0.00476649     -0.867979     0.2534378     0.0283464     0.1142805

       INC_SURG       0.02835084   0.008441965    0.02937594  -0.000136722    -0.0129512    0.00710657  -8.53398E-05   6.78113E-07

                     -0.00050965      -1.61962     0.0283464     0.3872299     0.2130165

       ORIFICE        0.02262821   0.007790852    0.01418191  -6.92222E-05   0.009717459   0.007142858  -0.000173319  7.726407E-07

                    -0.000491984      -1.38926     0.1142805     0.2130165      0.811485

    -----------------------------------------------------------------------------------------------------------------------------


                                                     Asymptotic Correlation Matrix

                       E2            E3            E0            AGE           COM_IV        MAL           OPMOS         OP_AGE
                       STATUS        C0            STATUS        INC_SURG      ORIFICE
    -----------------------------------------------------------------------------------------------------------------------------
    Early:

       E2                      1     0.3511787    0.01929565    -0.0235827   -0.00165035    0.02810046    -0.0156765    0.02521137

                       0.0780202     -0.109189    -0.0129038     0.1254617    0.06917348

       E3              0.3511787             1  -4.45829E-05    0.01218212    -0.0312826     -0.011779    0.05946799    -0.0123775

                    0.0001994138       -0.1038    0.01154607      0.110164    0.07023043

       E0             0.01929565  -4.45829E-05             1     -0.596921     -0.295142    0.06311575     -0.628327     0.5738641

                       -0.578816    -0.0765864    0.05667036    0.06252343    0.02085114

       AGE            -0.0235827    0.01218212     -0.596921             1    0.04783392    -0.0637812     0.5163654     -0.986033

                       0.2159102    0.03128103    -0.0294259    -0.0234246   -0.00819265

       COM_IV        -0.00165035    -0.0312826     -0.295142    0.04783392             1    -0.0772321     -0.219238    0.02111734

                      -0.0951185    0.03948769    0.00956151    -0.0498294    0.02582695

       MAL            0.02810046     -0.011779    0.06311575    -0.0637812    -0.0772321             1     -0.140633    0.05166609

                       -0.128265    -0.0376101   0.009095915    0.04273307    0.02967019

       OPMOS          -0.0156765    0.05946799     -0.628327     0.5163654     -0.219238     -0.140633             1     -0.562904

                      0.05955837    0.04251854    -0.0398525    -0.0313928    -0.0440421

       OP_AGE         0.02521137    -0.0123775     0.5738641     -0.986033    0.02111734    0.05166609     -0.562904             1

                       -0.200286    -0.0276925    0.02840745    0.01846178    0.01453092

       STATUS          0.0780202  0.0001994138     -0.578816     0.2159102    -0.0951185     -0.128265    0.05955837     -0.200286

                               1     0.0274057    -0.0601298   -0.00520132   -0.00346846

       --------------------------------------------------------------------------------------------------------------------------
    Constant:

       C0              -0.109189       -0.1038    -0.0765864    0.03128103    0.03948769    -0.0376101    0.04251854    -0.0276925

                       0.0274057             1     -0.567992     -0.857429     -0.508058

       STATUS         -0.0129038    0.01154607    0.05667036    -0.0294259    0.00956151   0.009095915    -0.0398525    0.02840745

                      -0.0601298     -0.567992             1    0.09048525     0.2519975

       INC_SURG        0.1254617      0.110164    0.06252343    -0.0234246    -0.0498294    0.04273307    -0.0313928    0.01846178

                     -0.00520132     -0.857429    0.09048525             1     0.3800043

       ORIFICE        0.06917348    0.07023043    0.02085114   -0.00819265    0.02582695    0.02967019    -0.0440421    0.01453092

                     -0.00346846     -0.508058     0.2519975     0.3800043             1

    -----------------------------------------------------------------------------------------------------------------------------
                                       Repair of Atrioventricular Septal (A-V Canal) Defects        13:50 Monday, April 27, 2026   4
                                                          Example Data Set
                                            Multivariable Analysis of Death After Repair
                                                                  
                                                                  
                                                                  
                                                                  
                                                                  
                                                                  
                               D E C I L E   A N A L Y S I S   O F   E V E N T   A T   T I M E   120

    _        E                           A        P                                                                        I
    D        X       C                   B        C                _                                               O       N
    E        P       U     A             S        T        P       S               C                       S       R       C
    C  C     E       M     C             _        _        V       U               O               O       T       I       _
    I  A     C       _     T    D        D        D        A       R               M               P       A       F       S
    L  S     T       H     U    E        I        I        L       V       A       _       M       M       T       I       U
    E  E     E       A     A    A        F        F        U       I       G       I       A       O       U       C       R
    _  S     D       Z     L    D        F        F        E       V       E       V       L       S       S       E       G

    . 310 70.0000 0.22581 70 0.22581 -0.00000 -0.000000 1.00000 0.73261 120.235 0.50323 0.23548 116.738 2.23548 0.04516 2.39344

    0  62 36.3261 0.58591 36 0.58065  0.32612  0.005260 0.93326 0.31772  47.878 0.80645 0.40323 115.636 3.14516 0.19355 3.03860

    1  62 18.2708 0.29469 20 0.32258 -1.72924 -0.027891 0.63173 0.63472  71.959 0.77419 0.43548 130.282 2.61290 0.01613 2.71259

    2  62 10.7312 0.17308 11 0.17742 -0.26879 -0.004335 0.92840 0.79519  60.481 0.75806 0.24194 134.693 2.04839 0.01613 2.57086

    3  62  3.8437 0.06199  2 0.03226  1.84369  0.029737 0.33539 0.93030 120.100 0.16129 0.06452 117.897 1.67742 0.00000 2.29032

    4  62  0.8282 0.01336  1 0.01613 -0.17178 -0.002771 0.84992 0.98513 300.755 0.01613 0.03226  85.180 1.69355 0.00000 1.35484
