                                       Repair of Atrioventricular Septal (A-V Canal) Defects        13:50 Monday, April 27, 2026   1
                                                          Example Data Set
                                            Multivariable Analysis of Death After Repair
                                        Solve Multivariable Equation for Survival and Hazard
                                      In Complete Canal With and Without Associated Anomalies
                                            For a 6-month Old Infant in the Current Era

                     Obs    AGE    COM_IV    ORIFICE    INC_SURG    STATUS    OPMOS    OPYEAR    OP_AGE    MAL

                      1      6        1         0           0          3       180      1982      1080      0 
                      2      6        1         0           0          3       180      1982      1080      1 
                                       Repair of Atrioventricular Septal (A-V Canal) Defects        13:50 Monday, April 27, 2026   2
                                                          Example Data Set
                                            Multivariable Analysis of Death After Repair
                                        Solve Multivariable Equation for Survival and Hazard
                                      In Complete Canal With and Without Associated Anomalies
                                            For a 6-month Old Infant in the Current Era

                                          Plot of _SURVIV*YEARS.   Symbol is value of MAL.
                                          Plot of _CLLSURV*YEARS.  Symbol used is '.'.
                                          Plot of _CLUSURV*YEARS.  Symbol used is '.'.

       _SURVIV ┌
           1.0 ┬
               ┌  0
               ┌  0
               ┌  0
               ┌  0
               ┌  0
               ┌  0
               ┌  0
           0.9 ┬  0.
               ┌  0...
               ┌  0  ........ ... .. ...  . .  .  ..  .  .    . . .   ..     .     .      ..    . .    .   . .      .
               ┌  00
               ┌  100
               ┌  1 000000000 000 0
               ┌  1.               0 000  0 0  0  00  0  0    0 0 0   00     0     0      00    0 0    0   0 0      0
               ┌  1.
           0.8 ┬  1..
               ┌  1........
               ┌  1 ....   .. ... .. ...  . .  .  ..  .  .    . . .   ..     .     .      ..    . .    .   . .      .
               ┌  1     ..... ... .. ...  . .  .  ..  .  .    . . .   ..     .     .      ..    . .    .   . .      .
               ┌  11
               ┌  .1
               ┌  .11
               ┌  . 11
           0.7 ┬  .   1111111 11
               ┌  ..            1 11 111  1 1  1  11  1  1    1 1 1   11     1     1      11    1 1    1   1 1      1
               ┌   .
               ┌   .
               ┌   ..
               ┌    ..
               ┌     ......
               ┌           .. ... .. ...  . .  .  ..  .  .    . . .   ..     .     .      ..    . .    .   . .
           0.6 ┬                                                                                                    .
               ┌
               ┌
               ┌
               ┌
               ┌
               ┌
               ┌
           0.5 ┬
               ┌
               ┌
               ┌
               ┌
               ┌
               ┌
               ┌
           0.4 ┬
               ┌
               ┌
               ┌
               ┌
               ┌
               ┌
               ┌
           0.3 ┬
               ┌
               ┌
               ┌
               ┌
               ┌
               ┌
               ┌
           0.2 ┬
               ┌
               ┌
               ┌
               ┌
               ┌
               ┌
               ┌
           0.1 ┬
               ┌
               ┌
               ┌
               ┌
               ┌
               ┌
               ┌
           0.0 ┬
               ┌
               ┼┐┐┬┐┐┐┐┐┐┐┐┐┐┐┐┬┐┐┐┐┐┐┐┐┐┐┐┐┬┐┐┐┐┐┐┐┐┐┐┐┐┬┐┐┐┐┐┐┐┐┐┐┐┐┬┐┐┐┐┐┐┐┐┐┐┐┐┬┐┐┐┐┐┐┐┐┐┐┐┐┬┐┐┐┐┐┐┐┐┐┐┐┐┬┐┐┐┐┐┐┐┐┐┐┐┐┬┐┐
                  0            2            4            6            8           10           12           14           16

                                                                    YEARS

NOTE: 500 obs hidden.
                                       Repair of Atrioventricular Septal (A-V Canal) Defects        13:50 Monday, April 27, 2026   3
                                                          Example Data Set
                                            Multivariable Analysis of Death After Repair
                                        Solve Multivariable Equation for Survival and Hazard
                                      In Complete Canal With and Without Associated Anomalies
                                            For a 6-month Old Infant in the Current Era

                                          Plot of _HAZARD*YEARS.  Symbol is value of MAL.
                                          Plot of _CLLHAZ*YEARS.  Symbol used is '.'.
                                          Plot of _CLUHAZ*YEARS.  Symbol used is '.'.

       _HAZARD ┌
          0.10 ┬  .
               ┌  .
               ┌  0
               ┌
               ┌  .
               ┌  1
               ┌
               ┌  .
          0.09 ┬
               ┌  .
               ┌  0
               ┌
               ┌  .
               ┌
               ┌  1
               ┌
          0.08 ┬
               ┌  .
               ┌  0
               ┌  .
               ┌  .
               ┌
               ┌  1
               ┌
          0.07 ┬  .
               ┌  0.
               ┌  ..
               ┌  .
               ┌  0
               ┌
               ┌  1
               ┌  0
          0.06 ┬  .
               ┌   .
               ┌  .
               ┌  .
               ┌  1
               ┌  0
               ┌  .
               ┌  ..
          0.05 ┬
               ┌  .1
               ┌  01
               ┌
               ┌  .
               ┌  ..
               ┌
               ┌  01
          0.04 ┬  .
               ┌  ..
               ┌
               ┌  01
               ┌   .
               ┌  ..
               ┌
               ┌  01
          0.03 ┬  ..
               ┌   .
               ┌  01
               ┌  ..
               ┌   0
               ┌   0
               ┌  ..
               ┌   0
          0.02 ┬  .1
               ┌   0
               ┌   1
               ┌   0.
               ┌   1.
               ┌   0.
               ┌   1.
               ┌   01
          0.01 ┬   01
               ┌   0.
               ┌   01.
               ┌   01.
               ┌   .01
               ┌   .01.
               ┌    0011.
               ┌     0000111. ..
          0.00 ┬       .00000 000 00 000  0 0  0  00  0  0    0 0 0   00     0     0      00    0 0    0   0 0      0
               ┌
               ┼┐┐┬┐┐┐┐┐┐┐┐┐┐┐┐┬┐┐┐┐┐┐┐┐┐┐┐┐┬┐┐┐┐┐┐┐┐┐┐┐┐┬┐┐┐┐┐┐┐┐┐┐┐┐┬┐┐┐┐┐┐┐┐┐┐┐┐┬┐┐┐┐┐┐┐┐┐┐┐┐┬┐┐┐┐┐┐┐┐┐┐┐┐┬┐┐┐┐┐┐┐┐┐┐┐┐┬┐┐
                  0            2            4            6            8           10           12           14           16

                                                                    YEARS

NOTE: 345 obs hidden.  289 obs out of range.
                                       Repair of Atrioventricular Septal (A-V Canal) Defects        13:50 Monday, April 27, 2026   4
                                                          Example Data Set
                                            Multivariable Analysis of Death After Repair
                                        Solve Multivariable Equation for Survival and Hazard
                                      In Complete Canal With and Without Associated Anomalies
                                            For a 6-month Old Infant in the Current Era

-------------------------------------------------------------- MAL=0 ---------------------------------------------------------------

     Obs  MONTHS  YEARS  OPYEAR OPMOS AGE COM_IV MAL INC_SURG ORIFICE STATUS _SURVIV _CLLSURV _CLUSURV _HAZARD _CLLHAZ _CLUHAZ

       1   0.033  0.0027  1982   180   6     1    0      0       0       3   0.95776  0.94017  0.97034 0.70608 0.50563 0.98599

       2   0.066  0.0055  1982   180   6     1    0      0       0       3   0.94057  0.91752  0.95747 0.43926 0.31563 0.61131

       3   0.099  0.0082  1982   180   6     1    0      0       0       3   0.92913  0.90258  0.94886 0.31786 0.22872 0.44174

       4   0.131  0.0110  1982   180   6     1    0      0       0       3   0.92063  0.89153  0.94243 0.24700 0.17790 0.34296

       5   0.164  0.0137  1982   180   6     1    0      0       0       3   0.91393  0.88285  0.93735 0.20039 0.14440 0.27807

       6   0.197  0.0164  1982   180   6     1    0      0       0       3   0.90845  0.87578  0.93319 0.16741 0.12068 0.23224

       7   0.230  0.0192  1982   180   6     1    0      0       0       3   0.90385  0.86985  0.92969 0.14290 0.10302 0.19823

       8   0.460  0.0383  1982   180   6     1    0      0       0       3   0.88418  0.84466  0.91465 0.06542 0.04697 0.09112

       9   0.986  0.0821  1982   180   6     1    0      0       0       3   0.86597  0.82155  0.90067 0.02456 0.01732 0.03482

      10   1.000  0.0833  1982   180   6     1    0      0       0       3   0.86566  0.82116  0.90043 0.02408 0.01698 0.03416

      11   2.000  0.1667  1982   180   6     1    0      0       0       3   0.85313  0.80530  0.89081 0.00902 0.00617 0.01319

      12   3.000  0.2500  1982   180   6     1    0      0       0       3   0.84748  0.79813  0.88649 0.00493 0.00329 0.00737

      13   6.000  0.5000  1982   180   6     1    0      0       0       3   0.84026  0.78892  0.88100 0.00169 0.00108 0.00264

      14  12.000  1.0000  1982   180   6     1    0      0       0       3   0.83542  0.78270  0.87735 0.00056 0.00035 0.00092

      15  18.000  1.5000  1982   180   6     1    0      0       0       3   0.83339  0.78007  0.87583 0.00030 0.00018 0.00049

      16  24.000  2.0000  1982   180   6     1    0      0       0       3   0.83221  0.77856  0.87495 0.00019 0.00011 0.00032

      17  36.000  3.0000  1982   180   6     1    0      0       0       3   0.83084  0.77680  0.87393 0.00010 0.00006 0.00018

      18  48.000  4.0000  1982   180   6     1    0      0       0       3   0.83003  0.77576  0.87331 0.00007 0.00004 0.00012

      19  60.000  5.0000  1982   180   6     1    0      0       0       3   0.82946  0.77504  0.87287 0.00005 0.00003 0.00010

      20  72.000  6.0000  1982   180   6     1    0      0       0       3   0.82903  0.77450  0.87253 0.00004 0.00002 0.00008

      21  84.000  7.0000  1982   180   6     1    0      0       0       3   0.82867  0.77407  0.87226 0.00003 0.00001 0.00008

      22  96.000  8.0000  1982   180   6     1    0      0       0       3   0.82837  0.77370  0.87202 0.00003 0.00001 0.00007

      23 108.000  9.0000  1982   180   6     1    0      0       0       3   0.82811  0.77339  0.87181 0.00002 0.00001 0.00007

      24 120.000 10.0000  1982   180   6     1    0      0       0       3   0.82787  0.77310  0.87162 0.00002 0.00001 0.00007

      25 132.000 11.0000  1982   180   6     1    0      0       0       3   0.82766  0.77285  0.87145 0.00002 0.00001 0.00007

      26 144.000 12.0000  1982   180   6     1    0      0       0       3   0.82746  0.77261  0.87129 0.00002 0.00001 0.00007

      27 156.000 13.0000  1982   180   6     1    0      0       0       3   0.82728  0.77239  0.87114 0.00002 0.00000 0.00008

      28 168.000 14.0000  1982   180   6     1    0      0       0       3   0.82710  0.77217  0.87099 0.00002 0.00000 0.00008

      29 180.000 15.0000  1982   180   6     1    0      0       0       3   0.82693  0.77197  0.87086 0.00002 0.00000 0.00008


-------------------------------------------------------------- MAL=1 ---------------------------------------------------------------

     Obs  MONTHS  YEARS  OPYEAR OPMOS AGE COM_IV MAL INC_SURG ORIFICE STATUS _SURVIV _CLLSURV _CLUSURV _HAZARD _CLLHAZ _CLUHAZ

      30   0.033  0.0027  1982   180   6     1    1      0       0       3   0.91776  0.88710  0.94065 1.40382 1.02699 1.91892

      31   0.066  0.0055  1982   180   6     1    1      0       0       3   0.88531  0.84613  0.91550 0.87333 0.64017 1.19142

      32   0.099  0.0082  1982   180   6     1    1      0       0       3   0.86403  0.81959  0.89888 0.63197 0.46347 0.86171

      33   0.131  0.0110  1982   180   6     1    1      0       0       3   0.84839  0.80022  0.88659 0.49108 0.36025 0.66943

      34   0.164  0.0137  1982   180   6     1    1      0       0       3   0.83616  0.78516  0.87695 0.39840 0.29229 0.54303

      35   0.197  0.0164  1982   180   6     1    1      0       0       3   0.82622  0.77298  0.86910 0.33284 0.24417 0.45370

      36   0.230  0.0192  1982   180   6     1    1      0       0       3   0.81792  0.76284  0.86252 0.28411 0.20837 0.38739

      37   0.460  0.0383  1982   180   6     1    1      0       0       3   0.78291  0.72049  0.83458 0.13006 0.09487 0.17830

      38   0.986  0.0821  1982   180   6     1    1      0       0       3   0.75118  0.68263  0.80906 0.04882 0.03492 0.06824

      39   1.000  0.0833  1982   180   6     1    1      0       0       3   0.75066  0.68201  0.80864 0.04787 0.03422 0.06694

      40   2.000  0.1667  1982   180   6     1    1      0       0       3   0.72921  0.65661  0.79134 0.01792 0.01241 0.02588

      41   3.000  0.2500  1982   180   6     1    1      0       0       3   0.71965  0.64529  0.78365 0.00978 0.00661 0.01447
                                       Repair of Atrioventricular Septal (A-V Canal) Defects        13:50 Monday, April 27, 2026   5
                                                          Example Data Set
                                            Multivariable Analysis of Death After Repair
                                        Solve Multivariable Equation for Survival and Hazard
                                      In Complete Canal With and Without Associated Anomalies
                                            For a 6-month Old Infant in the Current Era

-------------------------------------------------------------- MAL=1 ---------------------------------------------------------------

                                                            (continued)

  Obs MONTHS YEARS OPYEAR OPMOS AGE COM_IV MAL INC_SURG ORIFICE STATUS _SURVIV _CLLSURV _CLUSURV    _HAZARD    _CLLHAZ    _CLUHAZ

   42     6    0.5  1982   180   6     1    1      0       0       3   0.70753  0.63089  0.77396 .003346246 .002161398 .005180613

   43    12    1.0  1982   180   6     1    1      0       0       3   0.69949  0.62128  0.76759 .001109003 .000684070 .001797897

   44    18    1.5  1982   180   6     1    1      0       0       3   0.69615  0.61727  0.76497 .000577478 .000347700 .000959106

   45    24    2.0  1982   180   6     1    1      0       0       3   0.69425  0.61497  0.76348 .000363742 .000215789 .000613137

   46    36    3.0  1982   180   6     1    1      0       0       3   0.69207  0.61235  0.76177 .000191020 .000111279 .000327904

   47    48    4.0  1982   180   6     1    1      0       0       3   0.69080  0.61084  0.76077 .000122325 .000070138 .000213342

   48    60    5.0  1982   180   6     1    1      0       0       3   0.68995  0.60983  0.76009 .000087529 .000049100 .000156033

   49    72    6.0  1982   180   6     1    1      0       0       3   0.68931  0.60908  0.75958 .000067261 .000036550 .000123775

   50    84    7.0  1982   180   6     1    1      0       0       3   0.68881  0.60851  0.75917 .000054323 .000028292 .000104307

   51    96    8.0  1982   180   6     1    1      0       0       3   0.68840  0.60804  0.75883 .000045513 .000022503 .000092051

   52   108    9.0  1982   180   6     1    1      0       0       3   0.68806  0.60764  0.75854 .000039215 .000018274 .000084154

   53   120   10.0  1982   180   6     1    1      0       0       3   0.68775  0.60730  0.75828 .000034542 .000015097 .000079035

   54   132   11.0  1982   180   6     1    1      0       0       3   0.68748  0.60700  0.75805 .000030969 .000012660 .000075759

   55   144   12.0  1982   180   6     1    1      0       0       3   0.68724  0.60674  0.75784 .000028170 .000010760 .000073749

   56   156   13.0  1982   180   6     1    1      0       0       3   0.68702  0.60649  0.75765 .000025931 .000009258 .000072633

   57   168   14.0  1982   180   6     1    1      0       0       3   0.68681  0.60627  0.75747 .000024110 .000008056 .000072160

   58   180   15.0  1982   180   6     1    1      0       0       3   0.68662  0.60607  0.75729 .000022607 .000007083 .000072158
