                                       Repair of Atrioventricular Septal (A-V Canal) Defects        13:50 Monday, April 27, 2026   1
                                                          Example Data Set
                                            Multivariable Analysis of Death After Repair
                                         Solve Multivariable Equation for 6-Months Survival
                                     In Complete and Partial Canal According to Date of Repair

                          Obs    AGE    MAL    ORIFICE    INC_SURG    STATUS    MONTHS    YEARS    COM_IV

                           1      6      0        0           0          3         6       0.5        0  
                           2      6      0        0           0          3         6       0.5        1  
                                       Repair of Atrioventricular Septal (A-V Canal) Defects        13:50 Monday, April 27, 2026   2
                                                          Example Data Set
                                            Multivariable Analysis of Death After Repair
                                         Solve Multivariable Equation for 6-Months Survival
                                     In Complete and Partial Canal According to Date of Repair

                                        Plot of _SURVIV*OPYEAR.   Symbol is value of COM_IV.
                                        Plot of _CLLSURV*OPYEAR.  Symbol used is '.'.
                                        Plot of _CLUSURV*OPYEAR.  Symbol used is '.'.

       _SURVIV ┌
               ┌
           1.0 ┬
               ┌
               ┌                                                                                                      .....
               ┌                                                                                             .........
               ┌                                                                                      .......      00000000
               ┌                                                                                ......       000000
               ┌                                                                            .....        0000          ....
               ┌                                                                       .....        00000         .....
           0.9 ┬                                                                   ....         0000          ....
               ┌                                                                ....         000          ....
               ┌                                                             ...         0000          ....             ...
               ┌                                                          ...          00           ...              ...
               ┌                                                       ...          000          ...               ..
               ┌                                                    ...          000          ...                ..      11
               ┌                                                  ..           00           ..                 ..     111
               ┌                                                ..           00          ...                 ..     11
           0.8 ┬                                              ..          000          ..                  ..     111
               ┌                                            ..          00           ..                   .     11       ..
               ┌                                         ...           0           ..                   ..    11       ..
               ┌                                       ...           00          ..                   ..    11      ...
               ┌                                     ..            00          ..                    .    11      ...
               ┌                                    .            00           .                    ..     1     ..
               ┌                                  ..             0          ..                    .     11    ..
               ┌                                ..             00         ..                    ..    11     .
           0.7 ┬                              ..              0          .                     .     1     ..
               ┌                            ..              00         ..                    ..     1     .
               ┌                           .               0          .                     .     11     .
               ┌                         ..              00          .                     .    11     ..
               ┌                       ..               0          ..                    ..    11     .
               ┌                      .                0          .                     .     1     ..
               ┌                    ..               00          .                     .     1     .
               ┌                  ..                0            .                   ..     1     .
           0.6 ┬                 .                 0           ..                   .     11    ..
               ┌               ..                 0           .                    .     11    .
               ┌              .                  0           .                   ..     1     .
               ┌            ..                 00           .                   .      1     .
               ┌          ..                  0            .                   .      1    ..
               ┌         .                   0            .                  ..     11    .
               ┌         .                  0            .                  ..     1     ..
               ┌                           0            .                  .      1     .
           0.5 ┬                          0            .                  .      1     .
               ┌                         0            .                 ..      1     .
               ┌                        0            .                 .       1     .
               ┌                       0            .                 .       1     .
               ┌                      0            .                 .       1     .
               ┌                    00            .                ..       11    .
               ┌                   0             .                .        1     .
               ┌                  0             .                .        1     .
           0.4 ┬                 0             .                ..       1     .
               ┌                0             .                .        1     .
               ┌               0             .                .        1     .
               ┌              00            .                .        1     ..
               ┌             0             .               ..        1     .
               ┌            0             .               .         1     .
               ┌           0             .              ..         1     .
               ┌          0             .              .          1     .
           0.3 ┬         0             .              .          1
               ┌         0            .             ..          1      .
               ┌                     ..            .           1      .
               ┌                    .            ..           1      .
               ┌                   .            .            1      .
               ┌                  .           ..            1      .
               ┌                 .          ..             1      .
               ┌                .          .              1      .
           0.2 ┬               .         ..              1       .
               ┌              .        ..              11       .
               ┌             .       ..               1       ..
               ┌            .      ..                1       .
               ┌          ..     ..                 1       .
               ┌         .    ...                 11       .
               ┌         .  ..                   1       ..
               ┌         ...                   11       ..
           0.1 ┬         .                    1        .
               ┌                            11       ..
               ┌                          11        .
               ┌                        11        ..
               ┌                     111       ...
               ┌                  111        ..
               ┌              1111       ....
               ┌         11111    .......
           0.0 ┬         .........
               ┌
               ┼┐┐┬┐┐┐┐┐┐┐┐┐┐┐┐┬┐┐┐┐┐┐┐┐┐┐┐┐┬┐┐┐┐┐┐┐┐┐┐┐┐┬┐┐┐┐┐┐┐┐┐┐┐┐┬┐┐┐┐┐┐┐┐┐┐┐┐┬┐┐┐┐┐┐┐┐┐┐┐┐┬┐┐┐┐┐┐┐┐┐┐┐┐┬┐┐┐┐┐┐┐┐┐┐┐┐┬┐┐
                1966         1968         1970         1972         1974         1976         1978         1980         1982

                                                                   OPYEAR

NOTE: 90 obs hidden.
                                       Repair of Atrioventricular Septal (A-V Canal) Defects        13:50 Monday, April 27, 2026   3
                                                          Example Data Set
                                            Multivariable Analysis of Death After Repair
                                         Solve Multivariable Equation for 6-Months Survival
                                     In Complete and Partial Canal According to Date of Repair

------------------------------------------------------------- COM_IV=0 -------------------------------------------------------------

    Obs MONTHS YEARS OPYEAR OPMOS AGE COM_IV MAL INC_SURG ORIFICE STATUS _SURVIV _CLLSURV _CLUSURV  _HAZARD    _CLLHAZ  _CLUHAZ

      1    6    0.5   1967     0   6     0    0      0       0       3   0.28647  0.12571  0.52852 0.012066 .006205284 0.023460

      2    6    0.5   1968    12   6     0    0      0       0       3   0.36689  0.19473  0.58137 0.009679 .005127894 0.018271

      3    6    0.5   1969    24   6     0    0      0       0       3   0.44743  0.27525  0.63323 0.007766 .004226510 0.014268

      4    6    0.5   1970    36   6     0    0      0       0       3   0.52464  0.36158  0.68261 0.006230 .003473274 0.011176

      5    6    0.5   1971    48   6     0    0      0       0       3   0.59608  0.44801  0.72850 0.004999 .002844822 0.008785

      6    6    0.5   1972    60   6     0    0      0       0       3   0.66035  0.52991  0.77029 0.004012 .002321554 0.006933

      7    6    0.5   1973    72   6     0    0      0       0       3   0.71687  0.60421  0.80768 0.003220 .001887019 0.005494

      8    6    0.5   1974    84   6     0    0      0       0       3   0.76569  0.66940  0.84061 0.002584 .001527372 0.004373

      9    6    0.5   1975    96   6     0    0      0       0       3   0.80723  0.72521  0.86919 0.002075 .001230913 0.003498

     10    6    0.5   1976   108   6     0    0      0       0       3   0.84217  0.77215  0.89364 0.001666 .000987699 0.002811

     11    6    0.5   1977   120   6     0    0      0       0       3   0.87129  0.81121  0.91427 0.001339 .000789224 0.002270

     12    6    0.5   1978   132   6     0    0      0       0       3   0.89537  0.84349  0.93144 0.001076 .000628176 0.001842

     13    6    0.5   1979   144   6     0    0      0       0       3   0.91516  0.87010  0.94556 0.000865 .000498254 0.001501

     14    6    0.5   1980   156   6     0    0      0       0       3   0.93135  0.89203  0.95704 0.000696 .000394038 0.001228

     15    6    0.5   1981   168   6     0    0      0       0       3   0.94454  0.91012  0.96627 0.000560 .000310888 0.001009

     16    6    0.5   1982   180   6     0    0      0       0       3   0.95526  0.92506  0.97363 0.000451 .000244870 0.000832


------------------------------------------------------------- COM_IV=1 -------------------------------------------------------------

     Obs MONTHS YEARS OPYEAR OPMOS AGE COM_IV MAL INC_SURG ORIFICE STATUS _SURVIV _CLLSURV _CLUSURV  _HAZARD  _CLLHAZ  _CLUHAZ

      17    6    0.5   1967     0   6     1    0      0       0       3   0.00859  0.00063  0.10594 0.045892 0.024526 0.085870

      18    6    0.5   1968    12   6     1    0      0       0       3   0.02202  0.00321  0.13614 0.036810 0.020465 0.066210

      19    6    0.5   1969    24   6     1    0      0       0       3   0.04686  0.01134  0.17397 0.029526 0.017047 0.051141

      20    6    0.5   1970    36   6     1    0      0       0       3   0.08588  0.03041  0.21960 0.023684 0.014170 0.039586

      21    6    0.5   1971    48   6     1    0      0       0       3   0.13960  0.06570  0.27241 0.018998 0.011748 0.030722

      22    6    0.5   1972    60   6     1    0      0       0       3   0.20613  0.11989  0.33109 0.015239 0.009710 0.023918

      23    6    0.5   1973    72   6     1    0      0       0       3   0.28177  0.19151  0.39386 0.012225 0.007995 0.018694

      24    6    0.5   1974    84   6     1    0      0       0       3   0.36206  0.27528  0.45887 0.009807 0.006553 0.014678

      25    6    0.5   1975    96   6     1    0      0       0       3   0.44270  0.36396  0.52443 0.007868 0.005343 0.011587

      26    6    0.5   1976   108   6     1    0      0       0       3   0.52018  0.45048  0.58910 0.006313 0.004331 0.009202

      27    6    0.5   1977   120   6     1    0      0       0       3   0.59202  0.52968  0.65153 0.005065 0.003488 0.007356

      28    6    0.5   1978   132   6     1    0      0       0       3   0.65674  0.59905  0.71014 0.004065 0.002791 0.005920

      29    6    0.5   1979   144   6     1    0      0       0       3   0.71373  0.65847  0.76326 0.003262 0.002219 0.004796

      30    6    0.5   1980   156   6     1    0      0       0       3   0.76299  0.70904  0.80962 0.002619 0.001754 0.003909

      31    6    0.5   1981   168   6     1    0      0       0       3   0.80495  0.75212  0.84878 0.002102 0.001380 0.003203

      32    6    0.5   1982   180   6     1    0      0       0       3   0.84026  0.78892  0.88100 0.001688 0.001081 0.002637
