                                               Primary Isolated Mitral Commissurotomy            12:46 Friday, November 10, 2000   1
                                  Permanent Morbidity Analysis from Repeated Thromboembolic Events

                          T H R E E   P H A S E   P A R A M E T R I C   H A Z A R D   P R O C E D U R E

    Initial Summary:
    ================

      There are   382 observations available for analysis with:
                             44 events
                            338 Right Censored Observations
                             43 Left Censored Observations
                            382 Total Subjects

    1 observation(s) found with inadmissable values
    1 total observations deleted


                                                              Deleted Observations
                                                              --------------------
                                                             Missing   Inadmissable
                                              Variable       Data      Values            Min            Max
                         ---------------------------------------------------------------------------------------
                         Time:                INT_TE            0         0          0.002737907       248.3829
                         Event:               TE                0         0                    0              1
                         Left Censored:       STARTTME          0         1          0.002737907       220.8834
                         Right Censored:      CENSORED          0         0                    0              1
                         Weight:              MORBID            0         0                    0              4
                         ---------------------------------------------------------------------------------------






    Model Specifications:
    =====================

                                       Initial Parameter Values
                                       ------------------------                                                    Starting
          Phase        Parameter       Specified        Used       |  Theta                          Estimated?    Value
          -------------------------------------------------------------------------------------------------------------------
          Early:       DELTA                    0             0    |  E1                             No
                       THALF               0.0109        0.0109    |  E2 = Ln(Thalf)                 Yes             -4.51899
                        (RHO                       7.555307E-09)   |
                       NU                       1             1    |  E3                             No
                       M                    1E-06         1E-06    |  E4                             No
                       MUE               0.018568    0.01932156 *  |  E0 = Ln(muE)                   Yes             -3.94653
                       ------------------------------------------------------------------------------------------------------
          Late:        TAU                      1             1    |  L1                             No
                       GAMMA                    1             1    |  L2                             No
                       ALPHA                    1             1    |  L3                             No
                       ETA                 1.4112        1.4112    |  L4 = Ln(Eta)                   Yes            0.3444404
                       MUL              0.0002495  0.0002596257 *  |  L0 = Ln(muL)                   Yes #           -8.25627
          -------------------------------------------------------------------------------------------------------------------
    # This MU parameter is estimated in closed form.
    * The value used is different from the value specified.

    Based on the values used, the following flags and equations have been set:
          *-------------------------------------------------*
          |  Early:                                         |
          |        Delta = 0                Yes             |
          |        M*Nu = |1|               No              |
          |        M>0, Nu>0, Generic equations 6 - 8       |
          |  Late: Gamma*Eta = 2            No              |
          |        Gamma*Eta/Alpha = 2      No              |
          |        Weibull                  Yes             |
          |        Alpha>0, Generic equations 26 - 27       |
          *-------------------------------------------------*


    Computational Methods:
    ======================

      Optimization: Quasi-Newton method using numeric derivatives
                    initiated using the method of steepest descent

      Conservation of events: Invoked at each iteration
      If only one scaling parameter, estimation is in closed form.


    Results:
    ========

    Iteration   Log Likelihood      E2            L4            E0            L0
    -----------------------------------------------------------------------------------------------------------------------------
        0           -581.653         -4.51899     0.3444404      -3.94653      -8.25627
        1           -581.561         -4.66764     0.3468572       -3.9912      -8.26933
        2           -581.557         -4.69389     0.3489822      -4.00834      -8.28279
        3           -581.542          -4.6556     0.3595534      -4.04435      -8.35444
        4           -581.529         -4.65646     0.3713104      -3.99644      -8.44228
        5           -581.528         -4.66399      0.372256      -4.00184      -8.44862
                                               Primary Isolated Mitral Commissurotomy            12:46 Friday, November 10, 2000   2
                                  Permanent Morbidity Analysis from Repeated Thromboembolic Events



        Optimization terminated after    5 iterations and    49 function evaluations
        Normal exit: Convergence attained
        Log base 10 of condition code =      1.17035
        Number of events conserved =           44

        Log likelihood =     -581.528



    Final Results:
    ==============


                                                  Parameter Estimate Summary

                         Phase      Parameter    Estimate       Std error             Z          Prob>|Z|
                         -------------------------------------------------------------------------------------
                         Early:     E2              -4.66399      0.3926404        -11.879          <.0001
                                    E0              -4.00184      0.3934761        -10.170          <.0001
                                    --------------------------------------------------------------------------
                         Late:      L4              0.372256      0.1011121          3.682          0.0002
                                    L0              -8.44862      0.7368736        -11.465          <.0001
                         -------------------------------------------------------------------------------------


                                                  Estimates for Model Parameters

                                          Phase       Parameter     Fixed?     Estimate
                                          ------------------------------------------------
                                          Early:      DELTA         Yes                  0
                                                      THALF         No         0.009428782
                                                       (RHO                   6.535536E-09)
                                                      NU            Yes                  1
                                                      M             Yes              1E-06
                                                      MUE                        0.0182819
                                                      ------------------------------------
                                          Late:       TAU           Yes                  1
                                                      GAMMA         Yes                  1
                                                      ALPHA         Yes                  1
                                                      ETA           No            1.451004
                                                      MUL                     0.0002141951
                                          ------------------------------------------------


                                                Asymptotic Variance-Covariance Matrix

                       E2            E0            L4            L0
    -----------------------------------------------------------------------------------------------------------------------------
    Early:

       E2              0.1541665   0.003386373   0.001368483    -0.0100813

       E0            0.003386373     0.1548234   0.001404438     -0.010347

       --------------------------------------------------------------------------------------------------------------------------
    Late:

       L4            0.001368483   0.001404438    0.01022366    -0.0736313

       L0             -0.0100813     -0.010347    -0.0736313     0.5429827

    -----------------------------------------------------------------------------------------------------------------------------


                                                     Asymptotic Correlation Matrix

                       E2            E0            L4            L0
    -----------------------------------------------------------------------------------------------------------------------------
    Early:

       E2                      1    0.02191903    0.03446998     -0.034844

       E0             0.02191903             1     0.0353005    -0.0356863

       --------------------------------------------------------------------------------------------------------------------------
    Late:

       L4             0.03446998     0.0353005             1     -0.988248

       L0              -0.034844    -0.0356863     -0.988248             1

    -----------------------------------------------------------------------------------------------------------------------------
                                               Primary Isolated Mitral Commissurotomy            12:46 Friday, November 10, 2000   3
                                  Permanent Morbidity Analysis from Repeated Thromboembolic Events

            Obs     INT_TE    TE    CENSORED    WEIGHT    NRISK    NUMRISK    CUMDIST     SE_CEF     CLL_CEF    CLU_CEF

              1     0.0027     1        0         0.0      339       339      0.00000    0.000000    0.00000    0.00000
              2     0.0041     1        0         4.0      339       339      0.01180    0.005900    0.00658    0.01693
              3     0.0329     1        0         1.0      339       339      0.01475    0.006596    0.00878    0.02064
              4     0.0657     0        1         0.0      338         .      0.01475     .           .          .     
              5     0.0986     1        0         0.0      338       338      0.01475    0.006599    0.00878    0.02064
              6     0.2300     1        0         1.7      338       338      0.01978    0.007643    0.01270    0.02679
              7     0.2628     0        1         0.0      337         .      0.01978     .           .          .     
              8     0.6900     1        0         0.0      337       337      0.01978    0.007646    0.01270    0.02679
              9     1.8727     0        1         0.0      336         .      0.01978     .           .          .     
             10     2.9569     0        1         0.0      335         .      0.01978     .           .          .     
             11     6.1439     0        1         0.0      334         .      0.01978     .           .          .     
             12     6.8338     0        1         0.0      333         .      0.01978     .           .          .     
             13     6.9324     0        1         0.0      332         .      0.01978     .           .          .     
             14     7.6552     0        1         0.0      331         .      0.01978     .           .          .     
             15     8.3780     0        1         0.0      330         .      0.01978     .           .          .     
             16     8.5094     0        1         0.0      329         .      0.01978     .           .          .     
             17     8.7723     2        0         4.0      329       329      0.03194    0.009735    0.02267    0.04116
             18     8.8708     0        1         0.0      328         .      0.03194     .           .          .     
             19     9.0351     0        1         0.0      327         .      0.03194     .           .          .     
             20    10.8421     0        1         0.0      326         .      0.03194     .           .          .     
             21    11.4992     0        1         0.0      325         .      0.03194     .           .          .     
             22    12.3534     0        1         0.0      324         .      0.03194     .           .          .     
             23    15.1461     0        1         0.0      323         .      0.03194     .           .          .     
             24    16.5589     1        0         0.0      323       323      0.03194    0.009762    0.02265    0.04118
             25    16.8546     0        1         0.0      322         .      0.03194     .           .          .     
             26    16.9860     0        1         0.0      321         .      0.03194     .           .          .     
             27    18.7601     1        0         3.0      321       321      0.04128    0.011126    0.03059    0.05194
             28    19.4172     1        0         1.0      321       321      0.04440    0.011560    0.03326    0.05551
             29    21.6842     0        1         0.0      320         .      0.04440     .           .          .     
             30    22.1771     0        1         0.0      319         .      0.04440     .           .          .     
             31    23.0313     0        1         0.0      318         .      0.04440     .           .          .     
             32    23.2284     0        1         0.0      317         .      0.04440     .           .          .     
             33    23.3598     0        1         0.0      316         .      0.04440     .           .          .     
             34    23.7869     0        1         0.0      315         .      0.04440     .           .          .     
             35    24.0826     0        1         0.0      314         .      0.04440     .           .          .     
             36    24.3783     0        1         0.0      313         .      0.04440     .           .          .     
             37    24.4440     0        1         0.0      312         .      0.04440     .           .          .     
             38    24.8711     0        1         0.0      311         .      0.04440     .           .          .     
             39    25.2983     0        1         0.0      310         .      0.04440     .           .          .     
             40    26.7767     0        1         0.0      309         .      0.04440     .           .          .     
             41    27.4667     0        1         0.0      308         .      0.04440     .           .          .     
             42    29.2409     0        1         0.0      307         .      0.04440     .           .          .     
             43    29.7994     1        0         2.0      307       307      0.05091    0.012425    0.03889    0.06291
             44    30.8836     0        1         0.0      306         .      0.05091     .           .          .     
             45    31.2779     0        1         0.0      305         .      0.05091     .           .          .     
             46    33.0520     0        1         0.0      304         .      0.05091     .           .          .     
             47    34.8590     0        1         0.0      303         .      0.05091     .           .          .     
             48    34.9576     1        0         0.0      303       303      0.05091    0.012471    0.03885    0.06295
             49    35.0233     0        1         0.0      302         .      0.05091     .           .          .     
             50    37.2903     0        1         0.0      301         .      0.05091     .           .          .     
             51    37.4546     0        1         0.0      300         .      0.05091     .           .          .     
             52    37.7174     0        1         0.0      299         .      0.05091     .           .          .     
             53    38.3745     0        1         0.0      298         .      0.05091     .           .          .     
             54    38.7359     0        1         0.0      297         .      0.05091     .           .          .     
             55    39.0316     0        1         0.0      296         .      0.05091     .           .          .     
             56    39.0645     0        1         0.0      295         .      0.05091     .           .          .     
             57    39.4916     0        1         0.0      294         .      0.05091     .           .          .     
             58    39.7216     0        1         0.0      293         .      0.05091     .           .          .     
             59    39.7873     0        1         0.0      292         .      0.05091     .           .          .     
             60    40.3787     0        1         0.0      291         .      0.05091     .           .          .     
             61    40.7072     0        1         0.0      290         .      0.05091     .           .          .     
             62    40.8715     0        1         0.0      289         .      0.05091     .           .          .     
             63    41.0029     0        1         0.0      288         .      0.05091     .           .          .     
             64    41.7586     0        1         0.0      287         .      0.05091     .           .          .     
             65    43.2370     0        1         0.0      286         .      0.05091     .           .          .     
             66    43.3027     0        1         0.0      285         .      0.05091     .           .          .     
             67    43.3356     0        1         0.0      284         .      0.05091     .           .          .     
             68    44.0584     0        1         0.0      283         .      0.05091     .           .          .     
             69    45.1755     1        0         0.0      283       283      0.05091    0.012546    0.03878    0.06302
             70    45.8654     0        1         0.0      282         .      0.05091     .           .          .     
             71    46.5882     0        1         0.0      281         .      0.05091     .           .          .     
             72    46.8182     1        0         4.0      281       281      0.06515    0.014268    0.05125    0.07902
             73    46.9168     0        1         0.0      280         .      0.06515     .           .          .     
             74    48.2967     1        0         3.0      280       280      0.07586    0.015470    0.06075    0.09096
             75    49.4466     0        1         0.0      279         .      0.07586     .           .          .     
             76    49.7752     0        1         0.0      278         .      0.07586     .           .          .     
             77    50.0051     0        1         0.0      277         .      0.07586     .           .          .     
             78    50.1037     0        1         0.0      276         .      0.07586     .           .          .     
             79    50.2351     1        0         1.7      276       276      0.08202    0.016160    0.06621    0.09782
             80    50.3337     1        0         2.0      276       276      0.08927    0.016927    0.07268    0.10584
             81    50.3665     0        1         0.0      275         .      0.08927     .           .          .     
             82    50.3665     0        1         0.0      274         .      0.08927     .           .          .     
             83    50.4322     0        1         0.0      273         .      0.08927     .           .          .     
             84    50.8594     0        1         0.0      272         .      0.08927     .           .          .     
             85    51.0893     0        1         0.0      271         .      0.08927     .           .          .     
             86    51.6479     0        1         0.0      270         .      0.08927     .           .          .     
             87    51.7136     0        1         0.0      269         .      0.08927     .           .          .     
             88    53.0935     1        0         4.0      269       269      0.10414    0.018363    0.08609    0.12217
             89    53.7177     1        0         3.0      269       269      0.11529    0.019397    0.09620    0.13437
             90    53.8820     1        0         0.0      269       269      0.11529    0.019464    0.09614    0.13443
             91    54.4405     0        1         0.0      268         .      0.11529     .           .          .     
             92    54.6377     0        1         0.0      267         .      0.11529     .           .          .     
             93    54.7691     0        1         0.0      266         .      0.11529     .           .          .     
             94    55.2291     1        0         2.0      266       266      0.12281    0.020157    0.10295    0.14265
             95    55.8862     0        1         0.0      265         .      0.12281     .           .          .     
                                               Primary Isolated Mitral Commissurotomy            12:46 Friday, November 10, 2000   4
                                  Permanent Morbidity Analysis from Repeated Thromboembolic Events

            Obs     INT_TE    TE    CENSORED    WEIGHT    NRISK    NUMRISK    CUMDIST     SE_CEF     CLL_CEF    CLU_CEF

             96     56.905     0        1         0.0      264         .      0.12281     .           .          .     
             97     57.135     0        1         0.0      263         .      0.12281     .           .          .     
             98     57.825     0        1         0.0      262         .      0.12281     .           .          .     
             99     58.383     1        0         4.0      262       262      0.13808    0.021448    0.11692    0.15922
            100     58.646     0        1         0.0      261         .      0.13808     .           .          .     
            101     58.810     0        1         0.0      260         .      0.13808     .           .          .     
            102     59.336     0        1         0.0      259         .      0.13808     .           .          .     
            103     60.617     0        1         0.0      258         .      0.13808     .           .          .     
            104     60.979     0        1         0.0      257         .      0.13808     .           .          .     
            105     61.734     0        1         0.0      256         .      0.13808     .           .          .     
            106     62.326     0        1         0.0      255         .      0.13808     .           .          .     
            107     62.391     0        1         0.0      254         .      0.13808     .           .          .     
            108     62.424     0        1         0.0      253         .      0.13808     .           .          .     
            109     63.541     1        0         1.0      253       253      0.14203    0.021841    0.12048    0.16357
            110     63.706     0        1         0.0      252         .      0.14203     .           .          .     
            111     64.100     0        1         0.0      251         .      0.14203     .           .          .     
            112     64.626     0        1         0.0      250         .      0.14203     .           .          .     
            113     64.757     0        1         0.0      249         .      0.14203     .           .          .     
            114     65.710     0        1         0.0      248         .      0.14203     .           .          .     
            115     66.498     0        1         0.0      247         .      0.14203     .           .          .     
            116     66.761     0        1         0.0      246         .      0.14203     .           .          .     
            117     67.353     0        1         0.0      245         .      0.14203     .           .          .     
            118     68.207     1        0         1.7      245       245      0.14897    0.022468    0.12679    0.17114
            119     68.371     0        1         0.0      244         .      0.14897     .           .          .     
            120     70.638     0        1         0.0      243         .      0.14897     .           .          .     
            121     70.999     0        1         0.0      242         .      0.14897     .           .          .     
            122     71.131     0        1         0.0      241         .      0.14897     .           .          .     
            123     71.262     0        1         0.0      240         .      0.14897     .           .          .     
            124     71.295     0        1         0.0      239         .      0.14897     .           .          .     
            125     71.525     0        1         0.0      238         .      0.14897     .           .          .     
            126     72.084     0        1         0.0      237         .      0.14897     .           .          .     
            127     73.628     0        1         0.0      236         .      0.14897     .           .          .     
            128     74.055     0        1         0.0      235         .      0.14897     .           .          .     
            129     74.449     0        1         0.0      234         .      0.14897     .           .          .     
            130     75.501     0        1         0.0      233         .      0.14897     .           .          .     
            131     75.533     1        0         0.0      233       233      0.14897    0.022588    0.12667    0.17125
            132     76.092     0        1         0.0      232         .      0.14897     .           .          .     
            133     76.420     0        1         0.0      231         .      0.14897     .           .          .     
            134     76.782     0        1         0.0      230         .      0.14897     .           .          .     
            135     77.110     0        1         0.0      229         .      0.14897     .           .          .     
            136     77.308     0        1         0.0      228         .      0.14897     .           .          .     
            137     77.472     0        1         0.0      227         .      0.14897     .           .          .     
            138     78.227     0        1         0.0      226         .      0.14897     .           .          .     
            139     78.687     0        1         0.0      225         .      0.14897     .           .          .     
            140     79.049     0        1         0.0      224         .      0.14897     .           .          .     
            141     80.954     0        1         0.0      223         .      0.14897     .           .          .     
            142     81.119     1        0         4.0      223       223      0.16690    0.024051    0.14313    0.19066
            143     81.414     0        1         0.0      222         .      0.16690     .           .          .     
            144     84.141     1        0         1.7      222       222      0.17456    0.024732    0.15011    0.19900
            145     84.996     0        1         0.0      221         .      0.17456     .           .          .     
            146     85.850     0        1         0.0      220         .      0.17456     .           .          .     
            147     86.047     0        1         0.0      219         .      0.17456     .           .          .     
            148     86.343     0        1         0.0      218         .      0.17456     .           .          .     
            149     86.770     0        1         0.0      217         .      0.17456     .           .          .     
            150     87.131     1        0         0.0      217       217      0.17456    0.024871    0.14998    0.19914
            151     87.723     0        1         0.0      216         .      0.17456     .           .          .     
            152     88.511     1        0         4.0      216       216      0.19308    0.026295    0.16706    0.21909
            153     88.577     0        1         0.0      215         .      0.19308     .           .          .     
            154     88.741     0        1         0.0      214         .      0.19308     .           .          .     
            155     89.004     0        1         0.0      213         .      0.19308     .           .          .     
            156     89.595     0        1         0.0      212         .      0.19308     .           .          .     
            157     89.891     0        1         0.0      211         .      0.19308     .           .          .     
            158     89.990     0        1         0.0      210         .      0.19308     .           .          .     
            159     90.088     0        1         0.0      209         .      0.19308     .           .          .     
            160     90.844     0        1         0.0      208         .      0.19308     .           .          .     
            161     92.224     0        1         0.0      207         .      0.19308     .           .          .     
            162     93.012     1        0         1.7      207       207      0.20129    0.027004    0.17456    0.22801
            163     93.209     0        1         0.0      206         .      0.20129     .           .          .     
            164     93.439     0        1         0.0      205         .      0.20129     .           .          .     
            165     93.801     0        1         0.0      204         .      0.20129     .           .          .     
            166     93.834     0        1         0.0      203         .      0.20129     .           .          .     
            167     94.556     0        1         0.0      202         .      0.20129     .           .          .     
            168     94.786     0        1         0.0      201         .      0.20129     .           .          .     
            169     94.951     0        1         0.0      200         .      0.20129     .           .          .     
            170     95.575     0        1         0.0      199         .      0.20129     .           .          .     
            171     95.772     0        1         0.0      198         .      0.20129     .           .          .     
            172     97.086     0        1         0.0      197         .      0.20129     .           .          .     
            173     97.743     0        1         0.0      196         .      0.20129     .           .          .     
            174     97.908     0        1         0.0      195         .      0.20129     .           .          .     
            175     98.302     0        1         0.0      194         .      0.20129     .           .          .     
            176     98.663     0        1         0.0      193         .      0.20129     .           .          .     
            177     99.320     0        1         0.0      192         .      0.20129     .           .          .     
            178     99.912     0        1         0.0      191         .      0.20129     .           .          .     
            179    100.799     0        1         0.0      190         .      0.20129     .           .          .     
            180    101.160     0        1         0.0      189         .      0.20129     .           .          .     
            181    102.113     0        1         0.0      188         .      0.20129     .           .          .     
            182    102.442     0        1         0.0      187         .      0.20129     .           .          .     
            183    102.573     0        1         0.0      186         .      0.20129     .           .          .     
            184    103.000     0        1         0.0      185         .      0.20129     .           .          .     
            185    103.066     0        1         0.0      184         .      0.20129     .           .          .     
            186    103.099     0        1         0.0      183         .      0.20129     .           .          .     
            187    103.986     0        1         0.0      182         .      0.20129     .           .          .     
            188    104.150     0        1         0.0      181         .      0.20129     .           .          .     
            189    104.709     0        1         0.0      180         .      0.20129     .           .          .     
            190    104.709     0        1         0.0      179         .      0.20129     .           .          .     
                                               Primary Isolated Mitral Commissurotomy            12:46 Friday, November 10, 2000   5
                                  Permanent Morbidity Analysis from Repeated Thromboembolic Events

            Obs     INT_TE    TE    CENSORED    WEIGHT    NRISK    NUMRISK    CUMDIST     SE_CEF     CLL_CEF    CLU_CEF

            191    105.201     0        1        0.00      178         .      0.20129     .           .          .     
            192    106.023     0        1        0.00      177         .      0.20129     .           .          .     
            193    106.121     0        1        0.00      176         .      0.20129     .           .          .     
            194    106.154     0        1        0.00      175         .      0.20129     .           .          .     
            195    106.351     0        1        0.00      174         .      0.20129     .           .          .     
            196    106.778     0        1        0.00      173         .      0.20129     .           .          .     
            197    107.764     0        1        0.00      172         .      0.20129     .           .          .     
            198    108.027     0        1        0.00      171         .      0.20129     .           .          .     
            199    108.684     0        1        0.00      170         .      0.20129     .           .          .     
            200    108.947     0        1        0.00      169         .      0.20129     .           .          .     
            201    110.360     0        1        0.00      168         .      0.20129     .           .          .     
            202    111.247     0        1        0.00      167         .      0.20129     .           .          .     
            203    111.542     0        1        0.00      166         .      0.20129     .           .          .     
            204    111.707     0        1        0.00      165         .      0.20129     .           .          .     
            205    112.331     1        0        4.00      165       165      0.22554    0.028893    0.19691    0.25415
            206    112.429     0        1        0.00      164         .      0.22554     .           .          .     
            207    112.889     0        1        0.00      163         .      0.22554     .           .          .     
            208    112.922     0        1        0.00      162         .      0.22554     .           .          .     
            209    113.382     0        1        0.00      161         .      0.22554     .           .          .     
            210    113.776     0        1        0.00      160         .      0.22554     .           .          .     
            211    114.861     0        1        0.00      159         .      0.22554     .           .          .     
            212    115.091     0        1        0.00      158         .      0.22554     .           .          .     
            213    115.222     0        1        0.00      157         .      0.22554     .           .          .     
            214    116.208     1        0        2.17      157       157      0.23936    0.030098    0.20953    0.26918
            215    116.438     0        1        0.00      156         .      0.23936     .           .          .     
            216    116.569     0        1        0.00      155         .      0.23936     .           .          .     
            217    117.423     0        1        0.00      154         .      0.23936     .           .          .     
            218    117.522     0        2        0.00      152         .      0.23936     .           .          .     
            219    117.555     0        1        0.00      151         .      0.23936     .           .          .     
            220    117.883     0        1        0.00      150         .      0.23936     .           .          .     
            221    117.883     1        0        4.00      150       150      0.26602    0.032094    0.23419    0.29784
            222    118.310     0        1        0.00      149         .      0.26602     .           .          .     
            223    118.409     0        1        0.00      148         .      0.26602     .           .          .     
            224    119.362     0        1        0.00      147         .      0.26602     .           .          .     
            225    120.315     0        1        0.00      146         .      0.26602     .           .          .     
            226    121.793     0        1        0.00      145         .      0.26602     .           .          .     
            227    122.056     0        1        0.00      144         .      0.26602     .           .          .     
            228    122.154     0        1        0.00      143         .      0.26602     .           .          .     
            229    122.253     1        0        2.00      143       143      0.28001    0.033315    0.24696    0.31305
            230    122.417     0        1        0.00      142         .      0.28001     .           .          .     
            231    122.582     0        1        0.00      141         .      0.28001     .           .          .     
            232    123.304     0        1        0.00      140         .      0.28001     .           .          .     
            233    124.980     0        1        0.00      139         .      0.28001     .           .          .     
            234    125.111     0        1        0.00      138         .      0.28001     .           .          .     
            235    126.327     0        2        0.00      136         .      0.28001     .           .          .     
            236    126.557     0        1        0.00      135         .      0.28001     .           .          .     
            237    129.547     0        1        0.00      134         .      0.28001     .           .          .     
            238    130.171     0        1        0.00      133         .      0.28001     .           .          .     
            239    131.190     0        1        0.00      132         .      0.28001     .           .          .     
            240    131.354     0        1        0.00      131         .      0.28001     .           .          .     
            241    131.551     0        1        0.00      130         .      0.28001     .           .          .     
            242    132.044     0        1        0.00      129         .      0.28001     .           .          .     
            243    132.438     1        0        0.00      129       129      0.28001    0.033767    0.24652    0.31349
            244    134.245     0        1        0.00      128         .      0.28001     .           .          .     
            245    134.771     0        1        0.00      127         .      0.28001     .           .          .     
            246    135.264     0        1        0.00      126         .      0.28001     .           .          .     
            247    135.888     0        2        0.00      124         .      0.28001     .           .          .     
            248    136.019     0        1        0.00      123         .      0.28001     .           .          .     
            249    136.545     0        1        0.00      122         .      0.28001     .           .          .     
            250    136.775     0        1        0.00      121         .      0.28001     .           .          .     
            251    138.648     0        1        0.00      120         .      0.28001     .           .          .     
            252    139.469     0        1        0.00      119         .      0.28001     .           .          .     
            253    139.568     0        1        0.00      118         .      0.28001     .           .          .     
            254    140.093     0        1        0.00      117         .      0.28001     .           .          .     
            255    140.455     0        1        0.00      116         .      0.28001     .           .          .     
            256    140.520     0        1        0.00      115         .      0.28001     .           .          .     
            257    140.586     0        1        0.00      114         .      0.28001     .           .          .     
            258    140.717     0        1        0.00      113         .      0.28001     .           .          .     
            259    140.750     0        1        0.00      112         .      0.28001     .           .          .     
            260    141.046     0        1        0.00      111         .      0.28001     .           .          .     
            261    141.079     1        0        4.00      111       111      0.31605    0.036473    0.27985    0.35223
            262    141.309     0        1        0.00      110         .      0.31605     .           .          .     
            263    141.769     0        1        0.00      109         .      0.31605     .           .          .     
            264    141.999     0        1        0.00      108         .      0.31605     .           .          .     
            265    142.196     0        1        0.00      107         .      0.31605     .           .          .     
            266    143.149     0        1        0.00      106         .      0.31605     .           .          .     
            267    143.477     0        1        0.00      105         .      0.31605     .           .          .     
            268    143.510     0        1        0.00      104         .      0.31605     .           .          .     
            269    144.233     0        1        0.00      103         .      0.31605     .           .          .     
            270    145.021     0        1        0.00      102         .      0.31605     .           .          .     
            271    145.251     0        1        0.00      101         .      0.31605     .           .          .     
            272    146.828     0        1        0.00      100         .      0.31605     .           .          .     
            273    147.486     0        1        0.00       99         .      0.31605     .           .          .     
            274    147.880     0        1        0.00       98         .      0.31605     .           .          .     
            275    148.373     0        1        0.00       97         .      0.31605     .           .          .     
            276    148.931     0        1        0.00       96         .      0.31605     .           .          .     
            277    149.194     0        1        0.00       95         .      0.31605     .           .          .     
            278    149.588     0        1        0.00       94         .      0.31605     .           .          .     
            279    149.720     0        1        0.00       93         .      0.31605     .           .          .     
            280    150.081     0        1        0.00       92         .      0.31605     .           .          .     
            281    151.067     1        0        1.00       92        92      0.32692    0.037880    0.28932    0.36450
            282    151.100     0        1        0.00       91         .      0.32692     .           .          .     
            283    151.198     0        1        0.00       90         .      0.32692     .           .          .     
            284    151.231     0        2        0.00       88         .      0.32692     .           .          .     
            285    153.202     0        1        0.00       87         .      0.32692     .           .          .     
                                               Primary Isolated Mitral Commissurotomy            12:46 Friday, November 10, 2000   6
                                  Permanent Morbidity Analysis from Repeated Thromboembolic Events

            Obs     INT_TE    TE    CENSORED    WEIGHT    NRISK    NUMRISK    CUMDIST     SE_CEF     CLL_CEF    CLU_CEF

            286    153.597     0        1        0.00       86         .      0.32692     .           .          .     
            287    154.254     0        1        0.00       85         .      0.32692     .           .          .     
            288    154.287     0        1        0.00       84         .      0.32692     .           .          .     
            289    154.549     0        1        0.00       83         .      0.32692     .           .          .     
            290    154.812     0        1        0.00       82         .      0.32692     .           .          .     
            291    155.666     0        1        0.00       81         .      0.32692     .           .          .     
            292    155.798     0        1        0.00       80         .      0.32692     .           .          .     
            293    155.929     0        1        0.00       79         .      0.32692     .           .          .     
            294    156.685     0        1        0.00       78         .      0.32692     .           .          .     
            295    156.948     0        1        0.00       77         .      0.32692     .           .          .     
            296    157.473     0        1        0.00       76         .      0.32692     .           .          .     
            297    157.901     0        1        0.00       75         .      0.32692     .           .          .     
            298    159.248     0        1        0.00       74         .      0.32692     .           .          .     
            299    159.609     0        1        0.00       73         .      0.32692     .           .          .     
            300    160.200     1        0        2.17       73        73      0.35664    0.040654    0.31629    0.39699
            301    160.299     0        1        0.00       72         .      0.35664     .           .          .     
            302    161.022     0        1        0.00       71         .      0.35664     .           .          .     
            303    161.712     0        1        0.00       70         .      0.35664     .           .          .     
            304    162.139     0        1        0.00       69         .      0.35664     .           .          .     
            305    162.205     1        0        4.00       69        69      0.41461    0.045013    0.36990    0.45931
            306    162.927     0        1        0.00       68         .      0.41461     .           .          .     
            307    163.190     1        0        4.00       68        68      0.47344    0.049294    0.42445    0.52242
            308    163.486     0        1        0.00       67         .      0.47344     .           .          .     
            309    163.650     0        1        0.00       66         .      0.47344     .           .          .     
            310    165.096     0        1        0.00       65         .      0.47344     .           .          .     
            311    166.936     0        1        0.00       64         .      0.47344     .           .          .     
            312    167.757     0        1        0.00       63         .      0.47344     .           .          .     
            313    168.118     0        1        0.00       62         .      0.47344     .           .          .     
            314    168.644     0        1        0.00       61         .      0.47344     .           .          .     
            315    168.808     0        1        0.00       60         .      0.47344     .           .          .     
            316    170.353     0        1        0.00       59         .      0.47344     .           .          .     
            317    173.901     0        1        0.00       58         .      0.47344     .           .          .     
            318    174.854     0        1        0.00       57         .      0.47344     .           .          .     
            319    177.186     0        1        0.00       56         .      0.47344     .           .          .     
            320    178.139     0        1        0.00       55         .      0.47344     .           .          .     
            321    178.238     0        1        0.00       54         .      0.47344     .           .          .     
            322    178.993     0        1        0.00       53         .      0.47344     .           .          .     
            323    179.716     0        1        0.00       52         .      0.47344     .           .          .     
            324    181.458     0        1        0.00       51         .      0.47344     .           .          .     
            325    182.410     0        1        0.00       50         .      0.47344     .           .          .     
            326    182.870     0        1        0.00       49         .      0.47344     .           .          .     
            327    183.462     0        1        0.00       48         .      0.47344     .           .          .     
            328    183.626     0        1        0.00       47         .      0.47344     .           .          .     
            329    184.152     0        1        0.00       46         .      0.47344     .           .          .     
            330    184.546     0        1        0.00       45         .      0.47344     .           .          .     
            331    184.677     0        1        0.00       44         .      0.47344     .           .          .     
            332    185.072     0        1        0.00       43         .      0.47344     .           .          .     
            333    185.827     0        1        0.00       42         .      0.47344     .           .          .     
            334    186.287     1        0        1.70       42        42      0.51391    0.053589    0.46066    0.56716
            335    188.620     0        1        0.00       41         .      0.51391     .           .          .     
            336    189.080     0        1        0.00       40         .      0.51391     .           .          .     
            337    189.310     0        1        0.00       39         .      0.51391     .           .          .     
            338    192.464     0        1        0.00       38         .      0.51391     .           .          .     
            339    193.220     0        1        0.00       37         .      0.51391     .           .          .     
            340    194.402     0        1        0.00       36         .      0.51391     .           .          .     
            341    195.684     0        1        0.00       35         .      0.51391     .           .          .     
            342    196.177     0        1        0.00       34         .      0.51391     .           .          .     
            343    198.476     0        1        0.00       33         .      0.51391     .           .          .     
            344    198.575     0        1        0.00       32         .      0.51391     .           .          .     
            345    200.776     0        1        0.00       31         .      0.51391     .           .          .     
            346    201.039     0        1        0.00       30         .      0.51391     .           .          .     
            347    202.156     0        1        0.00       29         .      0.51391     .           .          .     
            348    203.043     1        0        2.00       29        29      0.58288    0.060482    0.52277    0.64298
            349    203.536     0        1        0.00       28         .      0.58288     .           .          .     
            350    205.343     0        1        0.00       27         .      0.58288     .           .          .     
            351    205.737     0        1        0.00       26         .      0.58288     .           .          .     
            352    206.197     0        1        0.00       25         .      0.58288     .           .          .     
            353    206.394     0        1        0.00       24         .      0.58288     .           .          .     
            354    206.559     0        1        0.00       23         .      0.58288     .           .          .     
            355    207.019     0        2        0.00       21         .      0.58288     .           .          .     
            356    207.216     0        1        0.00       20         .      0.58288     .           .          .     
            357    210.501     0        1        0.00       19         .      0.58288     .           .          .     
            358    210.666     0        1        0.00       18         .      0.58288     .           .          .     
            359    210.830     0        1        0.00       17         .      0.58288     .           .          .     
            360    211.651     0        1        0.00       16         .      0.58288     .           .          .     
            361    213.228     0        1        0.00       15         .      0.58288     .           .          .     
            362    216.021     0        1        0.00       14         .      0.58288     .           .          .     
            363    217.302     0        1        0.00       13         .      0.58288     .           .          .     
            364    217.466     0        1        0.00       12         .      0.58288     .           .          .     
            365    217.532     0        1        0.00       11         .      0.58288     .           .          .     
            366    220.883     1        0        0.00       11        11      0.58288    0.069321    0.51411    0.65162
            367    221.278     0        1        0.00       10         .      0.58288     .           .          .     
            368    222.592     0        1        0.00        9         .      0.58288     .           .          .     
            369    226.370     0        1        0.00        8         .      0.58288     .           .          .     
            370    228.539     0        1        0.00        7         .      0.58288     .           .          .     
            371    236.325     0        1        0.00        6         .      0.58288     .           .          .     
            372    237.935     0        1        0.00        5         .      0.58288     .           .          .     
            373    240.235     0        2        0.00        3         .      0.58288     .           .          .     
            374    244.178     0        1        0.00        2         .      0.58288     .           .          .     
            375    247.627     0        1        0.00        1         .      0.58288     .           .          .     
            376    248.383     0        1        0.00        0         .      0.58288     .           .          .     
                                               Primary Isolated Mitral Commissurotomy            12:46 Friday, November 10, 2000   7
                                  Permanent Morbidity Analysis from Repeated Thromboembolic Events

                                           Plot of CUMDIST*INT_TE.   Symbol used is '*'.
                                           Plot of CLL_CEF*INT_TE.   Symbol used is '-'.
                                           Plot of CLU_CEF*INT_TE.   Symbol used is '-'.
                                           Plot of _CUMHAZ*INT_TE.   Symbol used is 'P'.
                                           Plot of _CLLCUMH*INT_TE.  Symbol used is '.'.
                                           Plot of _CLUCUMH*INT_TE.  Symbol used is '.'.

CUMDIST |
        |
   0.75 +                                                                                                                                 .
        |
        |                                                                                                                               .
        |                                                                                                                             .
        |                                                                                                                            .
   0.70 +                                                                                                                           .
        |
        |
        |
        |                                                                                                                                 P                                                                                                                        .
   0.65 +                                                                                                                    -                                                                                                                       .
        |                                                                                                           -                                                                                                                               P                                                                                                                     .
        |                                                                                                                             P                                                                                                                    .
        |                                                                                                                            P                                                                                                                  .
        |                                                                                                                           P                                                                                                                  .
   0.60 +                                                                                                                .
        |                                                                                                                        P                                                                                                               ..
        |                                                                                                  *** ** * ** **  *** * *                                                                                                                       P                                                                                                             .
        |                                                                                                   -                                                                                                                                 .                                                                                                             .
        |                                                                                                                    PP                                                                                                                               .                                                                                                           ..
   0.55 +                                                                                                                  P                                                                                                                             .                                                                                                          ..
        |                                                                                                                  P                                                                                                                           ..                                                                                                         .
        |                                                                                                                P                                                                                                        .
        |                                                                                                           -                                                                                        -                                                                                                               P                                                                                                      ..
        |                                                                                          * *******                                                                                                                    -                                                                                                             P                                                                                                                       ..
   0.50 +                                                                                                           PPP                                                                                                                     .                                                                                                     .
        |                                                                                                          PP                                                                                                                    .                                                                                                   .
        |                                                                                                         P                                                                                                                  .                                                                                                  .
        |                                                                               ************                                                                                                       PP                                                                                                                .                                                                                                ..
        |                                                                                                   -                                                                                        -                                                                                                      PP                                                                                                               ..                                                                                               ..
   0.45 +                                                                                                     P                                                                                                             .                                                                                             ..
        |                                                                                                   P                                                                                                           ..
        |                                                                                                  PP                                                                                                         ..                                                                                           ..
        |                                                                                        -                                                                                                PP                                                                                                        .                                                                                         ...
        |                                                                               *                                                                                               PP                                                                                                      ..                                                                                        ..
   0.40 +                                                                                       -                                                                                             PP                                                                                                     .                                                                                       ..
        |                                                                                            P                                                                                                  ..                                                                                     ..
        |                                                                                          PP                                                                                                 ..                                                                                    ..
        |                                                                                        -                                                                                        PP                                                                                               ..                                                                                   ..
        |                                                                              **                                                                                   -                                                                                       PP                                                                                             ..                                                                                 ..
   0.35 +                                                                              -                                                                                     PP                                                                                            .                                                                                ..
        |                                                                                    PP                                                                                          ..                                                                              ..
        |                                                                          *****                                                                                  PP                                                                                        ..                                                                             ..
        |                                                                     *****                                                                                       -                                                                                PPP                                                                                      ...                                                                           ..
        |                                                                     -    -                                                                               PP                                                                                    ...                                                                         ...
   0.30 +                                                                   -                                                                             PP                                                                                   ..                                                                        ..
        |                                                                                   -                                                                           PPP                                                                                 ..                                                                       .
        |                                                            **********                                                                              -                                                                          PP                                                                               ..                                                                     ..
        |                                                          ***                                                                  -                                                                        PP                                                                             ...                                                                   ..
        |                                                                       P                                                                           ...                                                                 ...
   0.25 +                                                                     -    -                                                                -                                                                    PPP                                                                         ...                                                                ..
        |                                                         **                                                                   PP                                                                        ..                                                              ...
        |                                                       **                                                                   -                                                       -                                                                 PP                                                                      ..                                                            ...
        |                                                    -                                                               PPP                                                                    ..                                                           ..
        |                                                                  -                                                             PP                                                                  ..                                                         ..
   0.20 +                                              **********                                                                -                                                  - -                                                           PPP                                                                ..                                                       ...
        |                                           ***                                                 -                                                         PPP                                                              ..                                                     ...
        |                                                       PPP                                                           ...                                                   ...
        |                                        ****                                                    -  -                                           -  -                                                     PPP                                                         ...                                                 ...
        |                                      - -                                                   PPP                                                       ...                                               ...
   0.15 +                                  *******                                                  - -                                                 PPP                                                     ...                                             ...
        |                             *****                                                 -                                     -                                               PPP                                                   ...                                            ..
        |                                           -  -                                    -                                             PPP                                                 ...                                         ...
        |                           ***                                      - -                                   -                                           PPP                                              ...                                       ...
        |                                  -                                        PPP                                            ...                                    ...
   0.10 +                          *                                    --                                  -                                      PPP                                          ..                                  ...
        |                         **                                   -                                 -                                   PPP                                       ...                                ...
        |                        **                                -                                PPPP                                    ...                             ...
        |                       **                                  -                              PPP                                 ....                           ...
        |                                 -                   -    -  -    -                           PPPP                              ....                       ....
   0.05 +               *********                                -                   -                        PPP                           ....                    ....
        |          ******                        -  -    -              -   -                    PPPP                       ....                ....
        |     *****                   -          -               PPPPP                   .....          .. ....
        | ** **              -   -          -          PP PP             ......          .
        | *          -          P          ..          .
   0.00 + *          -          -          P          .          .
        |
        --+-----------+-----------+-----------+-----------+-----------+-----------+-----------+-----------+-----------+-----------+-
          0          25          50          75          100         125         150         175         200         225         250

                                                                   INT_TE

NOTE: 666 obs had missing values.  971 obs hidden.
                                               Primary Isolated Mitral Commissurotomy            12:46 Friday, November 10, 2000   8
                                  Permanent Morbidity Analysis from Repeated Thromboembolic Events

                                           Plot of D_CUMHAZ*INT_TE.  Symbol used is '*'.

D_CUMHAZ |
         |
    0.12 +
         |
         |
         |
         |                                                                              *
         |                                                                              **
         |
    0.10 +                                                                               *
         |
         |                                                                                **
         |                                                                                 *
         |                                                                                 *
         |                                                                                  *              **
         |
    0.08 +                                                                                                   *
         |                                                                                                   *
         |                                                                                   *     *         *
         |                                                                                    *              *
         |
         |                                                                                           *
         |                                                                                     *     *
    0.06 +                                                                                      *              *
         |                                                                                      *               *
         |                                                                                      *     *
         |                                                                              *              *        *
         |                                                                              *        *     *
         |                                                                                        *
         |                            *                                                           *     *         *
    0.04 +                            *                                                           **    *
         |                             *                                                           *              *
         |                              **                           *                             *     *
         |                           *   ***        **             * *
         |                          ***   * *        * *           *
         |                          *       **        ***          *  *                                   *         *
         |                                       **   * *           *  *                                            *
    0.02 +                                   **    *     *          ** *                                   *         *
         |                         *          *    **    *                    *
         |                                     *    *    **             *     *
         |         *                           **         *             *      *
         |*   *    **             *             *          *      *      *     *
         |     **    **           **             *         *    * *      **    **                                      *
         |*      *    * **                                  *   *  *            *
    0.00 +**      *    * *        *                         *    *        *     *      *
         |*  **         * *      **                          *   *         *     * *   *                                *
         |                 *      *                          *             **    *      *
         |                  *   *                             *             *     * *
         |                   *   *                            *                   * *
         |                   **                                *             *      *
         |                     *                               **            *       *
   -0.02 +                     **                                             *      *
         |                      *                                                     *
         |                                                                            *
         |                                                                             *
         |                                                                                                                 *
         |
         |                                                                                                                  *
   -0.04 +
         |
         |                                                                                                                   *
         |
         |
         |
         |
   -0.06 +                                                                                                                     *
         |
         |
         |
         |                                                                                                                       *
         |                                                                                                                       *
         |
   -0.08 +
         |
         -+-----------+-----------+-----------+-----------+-----------+-----------+-----------+-----------+-----------+-----------+-
          0          25          50          75          100         125         150         175         200         225         250

                                                                    INT_TE

NOTE: 165 obs hidden.
